This is pdfTeX, Version 3.1415926-2.4-1.40.13 (MiKTeX 2.9) (preloaded format=latex 2013.10.22)  26 AUG 2014 19:32
entering extended mode
**Dissertation.tex
(D:\users\saqib\documents\GitHub\Dissertation\Dissertation.tex
LaTeX2e <2011/06/27>
Babel <v3.8m> and hyphenation patterns for english, afrikaans, ancientgreek, ar
abic, armenian, assamese, basque, bengali, bokmal, bulgarian, catalan, coptic, 
croatian, czech, danish, dutch, esperanto, estonian, farsi, finnish, french, ga
lician, german, german-x-2012-05-30, greek, gujarati, hindi, hungarian, iceland
ic, indonesian, interlingua, irish, italian, kannada, kurmanji, latin, latvian,
 lithuanian, malayalam, marathi, mongolian, mongolianlmc, monogreek, ngerman, n
german-x-2012-05-30, nynorsk, oriya, panjabi, pinyin, polish, portuguese, roman
ian, russian, sanskrit, serbian, slovak, slovenian, spanish, swedish, swissgerm
an, tamil, telugu, turkish, turkmen, ukenglish, ukrainian, uppersorbian, usengl
ishmax, welsh, loaded.
("C:\Program Files\MiKTeX 2.9\tex\latex\base\report.cls"
Document Class: report 2007/10/19 v1.4h Standard LaTeX document class
("C:\Program Files\MiKTeX 2.9\tex\latex\base\size12.clo"
File: size12.clo 2007/10/19 v1.4h Standard LaTeX file (size option)
)
\c@part=\count79
\c@chapter=\count80
\c@section=\count81
\c@subsection=\count82
\c@subsubsection=\count83
\c@paragraph=\count84
\c@subparagraph=\count85
\c@figure=\count86
\c@table=\count87
\abovecaptionskip=\skip41
\belowcaptionskip=\skip42
\bibindent=\dimen102
)
(D:\users\saqib\documents\GitHub\Dissertation\fullpage.sty
Package: fullpage 1999/02/23 1.1 (PWD)
\FP@margin=\skip43
)
("C:\Program Files\MiKTeX 2.9\tex\latex\graphics\graphicx.sty"
Package: graphicx 1999/02/16 v1.0f Enhanced LaTeX Graphics (DPC,SPQR)

("C:\Program Files\MiKTeX 2.9\tex\latex\graphics\keyval.sty"
Package: keyval 1999/03/16 v1.13 key=value parser (DPC)
\KV@toks@=\toks14
)
("C:\Program Files\MiKTeX 2.9\tex\latex\graphics\graphics.sty"
Package: graphics 2009/02/05 v1.0o Standard LaTeX Graphics (DPC,SPQR)

("C:\Program Files\MiKTeX 2.9\tex\latex\graphics\trig.sty"
Package: trig 1999/03/16 v1.09 sin cos tan (DPC)
)
("C:\Program Files\MiKTeX 2.9\tex\latex\00miktex\graphics.cfg"
File: graphics.cfg 2007/01/18 v1.5 graphics configuration of teTeX/TeXLive
)
Package graphics Info: Driver file: dvips.def on input line 91.

("C:\Program Files\MiKTeX 2.9\tex\latex\graphics\dvips.def"
File: dvips.def 1999/02/16 v3.0i Driver-dependant file (DPC,SPQR)
))
\Gin@req@height=\dimen103
\Gin@req@width=\dimen104
)
("C:\Program Files\MiKTeX 2.9\tex\latex\setspace\setspace.sty"
Package: setspace 2011/12/19 v6.7a set line spacing
)
("C:\Program Files\MiKTeX 2.9\tex\latex\algorithms\algorithmic.sty"
Package: algorithmic 2009/08/24 v0.1 Document Style `algorithmic'

("C:\Program Files\MiKTeX 2.9\tex\latex\base\ifthen.sty"
Package: ifthen 2001/05/26 v1.1c Standard LaTeX ifthen package (DPC)
)
\c@ALC@unique=\count88
\c@ALC@line=\count89
\c@ALC@rem=\count90
\c@ALC@depth=\count91
\ALC@tlm=\skip44
\algorithmicindent=\skip45
)
("C:\Program Files\MiKTeX 2.9\tex\latex\algorithms\algorithm.sty"
Package: algorithm 2009/08/24 v0.1 Document Style `algorithm' - floating enviro
nment

("C:\Program Files\MiKTeX 2.9\tex\latex\float\float.sty"
Package: float 2001/11/08 v1.3d Float enhancements (AL)
\c@float@type=\count92
\float@exts=\toks15
\float@box=\box26
\@float@everytoks=\toks16
\@floatcapt=\box27
)
\@float@every@algorithm=\toks17
\c@algorithm=\count93
)
("C:\Program Files\MiKTeX 2.9\tex\latex\amsmath\amsmath.sty"
Package: amsmath 2013/01/14 v2.14 AMS math features
\@mathmargin=\skip46

For additional information on amsmath, use the `?' option.
("C:\Program Files\MiKTeX 2.9\tex\latex\amsmath\amstext.sty"
Package: amstext 2000/06/29 v2.01

("C:\Program Files\MiKTeX 2.9\tex\latex\amsmath\amsgen.sty"
File: amsgen.sty 1999/11/30 v2.0
\@emptytoks=\toks18
\ex@=\dimen105
))
("C:\Program Files\MiKTeX 2.9\tex\latex\amsmath\amsbsy.sty"
Package: amsbsy 1999/11/29 v1.2d
\pmbraise@=\dimen106
)
("C:\Program Files\MiKTeX 2.9\tex\latex\amsmath\amsopn.sty"
Package: amsopn 1999/12/14 v2.01 operator names
)
\inf@bad=\count94
LaTeX Info: Redefining \frac on input line 210.
\uproot@=\count95
\leftroot@=\count96
LaTeX Info: Redefining \overline on input line 306.
\classnum@=\count97
\DOTSCASE@=\count98
LaTeX Info: Redefining \ldots on input line 378.
LaTeX Info: Redefining \dots on input line 381.
LaTeX Info: Redefining \cdots on input line 466.
\Mathstrutbox@=\box28
\strutbox@=\box29
\big@size=\dimen107
LaTeX Font Info:    Redeclaring font encoding OML on input line 566.
LaTeX Font Info:    Redeclaring font encoding OMS on input line 567.
\macc@depth=\count99
\c@MaxMatrixCols=\count100
\dotsspace@=\muskip10
\c@parentequation=\count101
\dspbrk@lvl=\count102
\tag@help=\toks19
\row@=\count103
\column@=\count104
\maxfields@=\count105
\andhelp@=\toks20
\eqnshift@=\dimen108
\alignsep@=\dimen109
\tagshift@=\dimen110
\tagwidth@=\dimen111
\totwidth@=\dimen112
\lineht@=\dimen113
\@envbody=\toks21
\multlinegap=\skip47
\multlinetaggap=\skip48
\mathdisplay@stack=\toks22
LaTeX Info: Redefining \[ on input line 2665.
LaTeX Info: Redefining \] on input line 2666.
)
("C:\Program Files\MiKTeX 2.9\tex\latex\ltxmisc\url.sty"
\Urlmuskip=\muskip11
Package: url 2006/04/12  ver 3.3  Verb mode for urls, etc.
)
("C:\Program Files\MiKTeX 2.9\tex\latex\subfigure\subfigure.sty"
Package: subfigure 2002/07/30 v2.1.4 subfigure package
\subfigtopskip=\skip49
\subfigcapskip=\skip50
\subfigcaptopadj=\dimen114
\subfigbottomskip=\skip51
\subfigcapmargin=\dimen115
\subfiglabelskip=\skip52
\c@subfigure=\count106
\c@lofdepth=\count107
\c@subtable=\count108
\c@lotdepth=\count109

****************************************
* Local config file subfigure.cfg used *
****************************************
("C:\Program Files\MiKTeX 2.9\tex\latex\subfigure\subfigure.cfg")
\subfig@top=\skip53
\subfig@bottom=\skip54
)
(D:\users\saqib\documents\GitHub\Dissertation\Dissertation.aux
(D:\users\saqib\documents\GitHub\Dissertation\sections/titlePage.aux)
(D:\users\saqib\documents\GitHub\Dissertation\sections/abstractPage.aux)
(D:\users\saqib\documents\GitHub\Dissertation\sections/introChapter1.aux)
(D:\users\saqib\documents\GitHub\Dissertation\sections/backgroundChapter2.aux)
(D:\users\saqib\documents\GitHub\Dissertation\sections/frameworkChapter3.aux)
(D:\users\saqib\documents\GitHub\Dissertation\sections/casestudyIChapter4.aux)
(D:\users\saqib\documents\GitHub\Dissertation\sections/casestudyIIChapter5.aux

LaTeX Warning: Label `algo:heur1' multiply defined.

)
(D:\users\saqib\documents\GitHub\Dissertation\sections/conclusionsChapter6.aux)
)
LaTeX Font Info:    Checking defaults for OML/cmm/m/it on input line 34.
LaTeX Font Info:    ... okay on input line 34.
LaTeX Font Info:    Checking defaults for T1/cmr/m/n on input line 34.
LaTeX Font Info:    ... okay on input line 34.
LaTeX Font Info:    Checking defaults for OT1/cmr/m/n on input line 34.
LaTeX Font Info:    ... okay on input line 34.
LaTeX Font Info:    Checking defaults for OMS/cmsy/m/n on input line 34.
LaTeX Font Info:    ... okay on input line 34.
LaTeX Font Info:    Checking defaults for OMX/cmex/m/n on input line 34.
LaTeX Font Info:    ... okay on input line 34.
LaTeX Font Info:    Checking defaults for U/cmr/m/n on input line 34.
LaTeX Font Info:    ... okay on input line 34.
 (D:\users\saqib\documents\GitHub\Dissertation\sections/titlePage.tex
File: ./pics/lums.eps Graphic file (type eps)

<./pics/lums.eps> [1


] [2]
Underfull \hbox (badness 10000) in paragraph at lines 59--65

 []


Underfull \hbox (badness 10000) in paragraph at lines 59--65

 []


Underfull \hbox (badness 10000) in paragraph at lines 59--65

 []


Underfull \hbox (badness 10000) in paragraph at lines 59--65

 []

[3]) [4] (D:\users\saqib\documents\GitHub\Dissertation\Dissertation.toc
[5


] [6])
\tf@toc=\write3
 [7] (D:\users\saqib\documents\GitHub\Dissertation\Dissertation.lof
Overfull \hbox (74.21025pt too wide) in paragraph at lines 5--5
 [][][] []\OT1/cmr/m/n/12 Google Data Cen-ter Lo-ca-tions - Source: www.google.
com/about/datacenters/inside/locations/ []  
 []

[8

])
\tf@lof=\write4
 [9] [10] (D:\users\saqib\documents\GitHub\Dissertation\Dissertation.lot)
\tf@lot=\write5

[11

] (D:\users\saqib\documents\GitHub\Dissertation\sections/abstractPage.tex
[1

]) (D:\users\saqib\documents\GitHub\Dissertation\sections/introChapter1.tex
Chapter 1.
LaTeX Font Info:    Try loading font information for OMS+cmr on input line 10.
("C:\Program Files\MiKTeX 2.9\tex\latex\base\omscmr.fd"
File: omscmr.fd 1999/05/25 v2.5h Standard LaTeX font definitions
)
LaTeX Font Info:    Font shape `OMS/cmr/m/n' in size <12> not available
(Font)              Font shape `OMS/cmsy/m/n' tried instead on input line 10.
 [1



] [2] [3]
File: pics/enerprop.eps Graphic file (type eps)

<pics/enerprop.eps> [4] [5]
File: pics/waridworkload.eps Graphic file (type eps)
 <pics/waridworkload.eps> [6] [7] [8] [9]) [10]
(D:\users\saqib\documents\GitHub\Dissertation\sections/backgroundChapter2.tex
Chapter 2.
[11



] [12]
File: pics/googledcmap2.eps Graphic file (type eps)
 <pics/googledcmap2.eps>
Underfull \hbox (badness 10000) in paragraph at lines 20--20
[][]\OT1/cmr/m/n/12 Figure 2.1: Google Data Cen-ter Lo-ca-tions - Source:
 []

[13]
File: pics/dcheir.eps Graphic file (type eps)
 <pics/dcheir.eps> [14] [15] [16]
File: pics/dcloadbalance.eps Graphic file (type eps)
 <pics/dcloadbalance.eps> [17] [18]
[19] [20] [21] [22] [23] [24] [25]) [26]
(D:\users\saqib\documents\GitHub\Dissertation\sections/frameworkChapter3.tex
Chapter 3.
[27



]
File: pics/mappingexample.eps Graphic file (type eps)
 <pics/mappingexample.eps> [28] [29] [30] [31]
Overfull \hbox (7.39417pt too wide) in paragraph at lines 49--50
[][]\OT1/cmr/m/n/12 Here $\OML/cmm/m/it/12 C\OT1/cmr/m/n/12 (\OML/cmm/m/it/12 S
[]\OT1/cmr/m/n/12 )$ rep-re-sents a func-tion that eval-u-ates the cost of be-i
ng in state $\OML/cmm/m/it/12 S[]$ \OT1/cmr/m/n/12 and $\OML/cmm/m/it/12 T\OT1/
cmr/m/n/12 (\OML/cmm/m/it/12 S[]; S[]\OT1/cmr/m/n/12 )$
 []

[32] [33]) [34]
(D:\users\saqib\documents\GitHub\Dissertation\sections/casestudyIChapter4.tex
Chapter 4.
[35



] [36] [37] [38] [39] [40] [41] [42]
Overfull \hbox (37.09555pt too wide) in paragraph at lines 126--147
 [][] 
 []

[43] [44]

LaTeX Warning: Reference `subsec:framework:complexity' on page 45 undefined on 
input line 201.

[45]
Missing character: There is no ò in font cmr12!
 [46] [47] [48] [49]
File: pics/workloadr.eps Graphic file (type eps)
 <pics/workloadr.eps>
File: pics/workloadhist-new.eps Graphic file (type eps)
 <pics/workloadhist-new.eps>
Overfull \hbox (19.44852pt too wide) in paragraph at lines 273--286
[][][]   [] 
 []

[50] [51] [52] [53] [54]
File: pics/s1vseqr.eps Graphic file (type eps)
 <pics/s1vseqr.eps> [55] [56] [57]
File: pics/s3r.eps Graphic file (type eps)
 <pics/s3r.eps>
[58] [59] [60] [61]
File: pics/flowchart2.eps Graphic file (type eps)
 <pics/flowchart2.eps>
File: pics/workload-pred-error-mean.eps Graphic file (type eps)
 <pics/workload-pred-error-mean.eps>
File: pics/traj-corr.eps Graphic file (type eps)

<pics/traj-corr.eps>
File: pics/workload-pred-error-2.eps Graphic file (type eps)
 <pics/workload-pred-error-2.eps> [62] [63] [64]
File: pics/sw-cost-error-2.eps Graphic file (type eps)

<pics/sw-cost-error-2.eps>
File: pics/s6.eps Graphic file (type eps)
 <pics/s6.eps> [65] [66]
File: pics/fvar-0.01bs.eps Graphic file (type eps)
 <pics/fvar-0.01bs.eps>
File: pics/fvar-0.65bs.eps Graphic file (type eps)

<pics/fvar-0.65bs.eps> [67] [68]
File: pics/rb-heur1error.eps Graphic file (type eps)
 <pics/rb-heur1error.eps> [69]) [70] [71]
(D:\users\saqib\documents\GitHub\Dissertation\sections/casestudyIIChapter5.tex
Chapter 5.
[72



]
File: pics/sites.eps Graphic file (type eps)
 <pics/sites.eps>
File: pics/coveragecdf.eps Graphic file (type eps)
 <pics/coveragecdf.eps>
File: pics/traffic.eps Graphic file (type eps)
 <pics/traffic.eps> [73] [74]
[75] [76] [77]
File: pics/powermodel.eps Graphic file (type eps)
 <pics/powermodel.eps> [78] [79] [80] [81] [82] [83] [84]
[85]
File: pics/perc.savings.red-bl.eps Graphic file (type eps)
 <pics/perc.savings.red-bl.eps>
File: pics/e.savings.red-bl.eps Graphic file (type eps)
 <pics/e.savings.red-bl.eps> [86] [87]
File: pics/heuristicerror-touchedup.eps Graphic file (type eps)

<pics/heuristicerror-touchedup.eps> [88] [89] [90] [91]
File: pics/epsilonresults.eps Graphic file (type eps)

<pics/epsilonresults.eps> [92]) [93]
(D:\users\saqib\documents\GitHub\Dissertation\sections/conclusionsChapter6.tex
Chapter 6.
[94



] [95] [96]) [97]
(D:\users\saqib\documents\GitHub\Dissertation\Dissertation.bbl [98


] [99]
Underfull \hbox (badness 1406) in paragraph at lines 107--109
[][]\OT1/cmr/m/n/12 T. Berners-Lee, R. Field-ing, and H. Frystyk, ``Hy-per-text
 Trans-fer Pro-to-col --
 []

[100] [101]
Underfull \hbox (badness 2478) in paragraph at lines 197--199
[][]\OT1/cmr/m/n/12 U. Bhaskar and L. Fleis-cher, ``On-line mixed pack-ing and 
cov-er-ing,'' \OT1/cmr/m/it/12 CoRR\OT1/cmr/m/n/12 ,
 []

[102] [103] [104] [105] [106] [107] [108]) [109]
(D:\users\saqib\documents\GitHub\Dissertation\Dissertation.aux
(D:\users\saqib\documents\GitHub\Dissertation\sections/titlePage.aux)
(D:\users\saqib\documents\GitHub\Dissertation\sections/abstractPage.aux)
(D:\users\saqib\documents\GitHub\Dissertation\sections/introChapter1.aux)
(D:\users\saqib\documents\GitHub\Dissertation\sections/backgroundChapter2.aux)
(D:\users\saqib\documents\GitHub\Dissertation\sections/frameworkChapter3.aux)
(D:\users\saqib\documents\GitHub\Dissertation\sections/casestudyIChapter4.aux)
(D:\users\saqib\documents\GitHub\Dissertation\sections/casestudyIIChapter5.aux)
(D:\users\saqib\documents\GitHub\Dissertation\sections/conclusionsChapter6.aux)
)

LaTeX Warning: There were undefined references.


LaTeX Warning: There were multiply-defined labels.

 ) 
Here is how much of TeX's memory you used:
 2092 strings out of 493922
 30824 string characters out of 3147304
 91267 words of memory out of 3000000
 5283 multiletter control sequences out of 15000+200000
 12778 words of font info for 45 fonts, out of 3000000 for 9000
 841 hyphenation exceptions out of 8191
 27i,10n,24p,2555b,708s stack positions out of 5000i,500n,10000p,200000b,50000s

Output written on Dissertation.dvi (121 pages, 334764 bytes).
